{"/home/runner/work/api-response-kit/api-response-kit/src/index.ts": {"path":"/home/runner/work/api-response-kit/api-response-kit/src/index.ts","all":true,"statementMap":{"0":{"start":{"line":1,"column":0},"end":{"line":1,"column":53}}},"s":{"0":0},"branchMap":{"0":{"type":"branch","line":1,"loc":{"start":{"line":1,"column":214},"end":{"line":5,"column":48}},"locations":[{"start":{"line":1,"column":214},"end":{"line":5,"column":48}}]}},"b":{"0":[0]},"fnMap":{"0":{"name":"(empty-report)","decl":{"start":{"line":1,"column":214},"end":{"line":5,"column":48}},"loc":{"start":{"line":1,"column":214},"end":{"line":5,"column":48}},"line":1}},"f":{"0":0}}
,"/home/runner/work/api-response-kit/api-response-kit/src/interfaces/i-response-json-meta.ts": {"path":"/home/runner/work/api-response-kit/api-response-kit/src/interfaces/i-response-json-meta.ts","all":true,"statementMap":{},"s":{},"branchMap":{"0":{"type":"branch","line":1,"loc":{"start":{"line":1,"column":522},"end":{"line":26,"column":1}},"locations":[{"start":{"line":1,"column":522},"end":{"line":26,"column":1}}]}},"b":{"0":[1]},"fnMap":{"0":{"name":"(empty-report)","decl":{"start":{"line":1,"column":522},"end":{"line":26,"column":1}},"loc":{"start":{"line":1,"column":522},"end":{"line":26,"column":1}},"line":1}},"f":{"0":1}}
,"/home/runner/work/api-response-kit/api-response-kit/src/interfaces/i-response-json-notification.ts": {"path":"/home/runner/work/api-response-kit/api-response-kit/src/interfaces/i-response-json-notification.ts","all":true,"statementMap":{},"s":{},"branchMap":{"0":{"type":"branch","line":1,"loc":{"start":{"line":1,"column":192},"end":{"line":7,"column":1}},"locations":[{"start":{"line":1,"column":192},"end":{"line":7,"column":1}}]}},"b":{"0":[1]},"fnMap":{"0":{"name":"(empty-report)","decl":{"start":{"line":1,"column":192},"end":{"line":7,"column":1}},"loc":{"start":{"line":1,"column":192},"end":{"line":7,"column":1}},"line":1}},"f":{"0":1}}
,"/home/runner/work/api-response-kit/api-response-kit/src/interfaces/i-response-json.ts": {"path":"/home/runner/work/api-response-kit/api-response-kit/src/interfaces/i-response-json.ts","all":true,"statementMap":{},"s":{},"branchMap":{"0":{"type":"branch","line":1,"loc":{"start":{"line":1,"column":418},"end":{"line":12,"column":1}},"locations":[{"start":{"line":1,"column":418},"end":{"line":12,"column":1}}]}},"b":{"0":[1]},"fnMap":{"0":{"name":"(empty-report)","decl":{"start":{"line":1,"column":418},"end":{"line":12,"column":1}},"loc":{"start":{"line":1,"column":418},"end":{"line":12,"column":1}},"line":1}},"f":{"0":1}}
,"/home/runner/work/api-response-kit/api-response-kit/src/interfaces/response-notification-types.ts": {"path":"/home/runner/work/api-response-kit/api-response-kit/src/interfaces/response-notification-types.ts","all":true,"statementMap":{},"s":{},"branchMap":{"0":{"type":"branch","line":1,"loc":{"start":{"line":1,"column":91},"end":{"line":5,"column":14}},"locations":[{"start":{"line":1,"column":91},"end":{"line":5,"column":14}}]}},"b":{"0":[1]},"fnMap":{"0":{"name":"(empty-report)","decl":{"start":{"line":1,"column":91},"end":{"line":5,"column":14}},"loc":{"start":{"line":1,"column":91},"end":{"line":5,"column":14}},"line":1}},"f":{"0":1}}
,"/home/runner/work/api-response-kit/api-response-kit/src/responses/api-error-404.ts": {"path":"/home/runner/work/api-response-kit/api-response-kit/src/responses/api-error-404.ts","all":false,"statementMap":{"2":{"start":{"line":3,"column":0},"end":{"line":3,"column":51}},"3":{"start":{"line":4,"column":0},"end":{"line":4,"column":14}},"4":{"start":{"line":5,"column":0},"end":{"line":5,"column":15}},"5":{"start":{"line":6,"column":0},"end":{"line":6,"column":17}},"6":{"start":{"line":7,"column":0},"end":{"line":7,"column":78}},"7":{"start":{"line":8,"column":0},"end":{"line":8,"column":30}},"8":{"start":{"line":9,"column":0},"end":{"line":9,"column":4}},"9":{"start":{"line":10,"column":0},"end":{"line":10,"column":2}}},"s":{"2":1,"3":1,"4":1,"5":1,"6":1,"7":1,"8":1,"9":1},"branchMap":{},"b":{},"fnMap":{},"f":{}}
,"/home/runner/work/api-response-kit/api-response-kit/src/responses/api-hello.ts": {"path":"/home/runner/work/api-response-kit/api-response-kit/src/responses/api-hello.ts","all":true,"statementMap":{"2":{"start":{"line":3,"column":0},"end":{"line":3,"column":48}},"3":{"start":{"line":4,"column":0},"end":{"line":4,"column":13}},"4":{"start":{"line":5,"column":0},"end":{"line":5,"column":15}},"5":{"start":{"line":6,"column":0},"end":{"line":6,"column":17}},"6":{"start":{"line":7,"column":0},"end":{"line":7,"column":68}},"7":{"start":{"line":8,"column":0},"end":{"line":8,"column":20}},"8":{"start":{"line":9,"column":0},"end":{"line":9,"column":4}},"9":{"start":{"line":10,"column":0},"end":{"line":10,"column":2}}},"s":{"2":0,"3":0,"4":0,"5":0,"6":0,"7":0,"8":0,"9":0},"branchMap":{"0":{"type":"branch","line":1,"loc":{"start":{"line":1,"column":245},"end":{"line":10,"column":2}},"locations":[{"start":{"line":1,"column":245},"end":{"line":10,"column":2}}]}},"b":{"0":[1]},"fnMap":{"0":{"name":"(empty-report)","decl":{"start":{"line":1,"column":245},"end":{"line":10,"column":2}},"loc":{"start":{"line":1,"column":245},"end":{"line":10,"column":2}},"line":1}},"f":{"0":1}}
,"/home/runner/work/api-response-kit/api-response-kit/src/responses/api-sample.ts": {"path":"/home/runner/work/api-response-kit/api-response-kit/src/responses/api-sample.ts","all":true,"statementMap":{"2":{"start":{"line":3,"column":0},"end":{"line":3,"column":49}},"3":{"start":{"line":4,"column":0},"end":{"line":4,"column":13}},"4":{"start":{"line":5,"column":0},"end":{"line":5,"column":15}},"5":{"start":{"line":6,"column":0},"end":{"line":6,"column":17}},"6":{"start":{"line":7,"column":0},"end":{"line":7,"column":61}},"7":{"start":{"line":8,"column":0},"end":{"line":8,"column":34}},"8":{"start":{"line":9,"column":0},"end":{"line":9,"column":4}},"9":{"start":{"line":10,"column":0},"end":{"line":10,"column":2}}},"s":{"2":0,"3":0,"4":0,"5":0,"6":0,"7":0,"8":0,"9":0},"branchMap":{"0":{"type":"branch","line":1,"loc":{"start":{"line":1,"column":253},"end":{"line":10,"column":2}},"locations":[{"start":{"line":1,"column":253},"end":{"line":10,"column":2}}]}},"b":{"0":[1]},"fnMap":{"0":{"name":"(empty-report)","decl":{"start":{"line":1,"column":253},"end":{"line":10,"column":2}},"loc":{"start":{"line":1,"column":253},"end":{"line":10,"column":2}},"line":1}},"f":{"0":1}}
,"/home/runner/work/api-response-kit/api-response-kit/src/responses/api-v1.ts": {"path":"/home/runner/work/api-response-kit/api-response-kit/src/responses/api-v1.ts","all":true,"statementMap":{"2":{"start":{"line":3,"column":0},"end":{"line":3,"column":45}},"3":{"start":{"line":4,"column":0},"end":{"line":4,"column":13}},"4":{"start":{"line":5,"column":0},"end":{"line":5,"column":15}},"5":{"start":{"line":6,"column":0},"end":{"line":6,"column":17}},"6":{"start":{"line":7,"column":0},"end":{"line":7,"column":56}},"7":{"start":{"line":8,"column":0},"end":{"line":8,"column":4}},"8":{"start":{"line":9,"column":0},"end":{"line":9,"column":2}}},"s":{"2":0,"3":0,"4":0,"5":0,"6":0,"7":0,"8":0},"branchMap":{"0":{"type":"branch","line":1,"loc":{"start":{"line":1,"column":209},"end":{"line":9,"column":2}},"locations":[{"start":{"line":1,"column":209},"end":{"line":9,"column":2}}]}},"b":{"0":[1]},"fnMap":{"0":{"name":"(empty-report)","decl":{"start":{"line":1,"column":209},"end":{"line":9,"column":2}},"loc":{"start":{"line":1,"column":209},"end":{"line":9,"column":2}},"line":1}},"f":{"0":1}}
,"/home/runner/work/api-response-kit/api-response-kit/src/responses/index.ts": {"path":"/home/runner/work/api-response-kit/api-response-kit/src/responses/index.ts","all":true,"statementMap":{"0":{"start":{"line":1,"column":0},"end":{"line":1,"column":57}},"5":{"start":{"line":6,"column":0},"end":{"line":6,"column":25}},"6":{"start":{"line":7,"column":0},"end":{"line":7,"column":22}},"7":{"start":{"line":8,"column":0},"end":{"line":8,"column":19}},"8":{"start":{"line":9,"column":0},"end":{"line":9,"column":20}},"9":{"start":{"line":10,"column":0},"end":{"line":10,"column":16}},"10":{"start":{"line":11,"column":0},"end":{"line":11,"column":2}}},"s":{"0":0,"5":0,"6":0,"7":0,"8":0,"9":0,"10":0},"branchMap":{"0":{"type":"branch","line":1,"loc":{"start":{"line":1,"column":317},"end":{"line":11,"column":2}},"locations":[{"start":{"line":1,"column":317},"end":{"line":11,"column":2}}]}},"b":{"0":[0]},"fnMap":{"0":{"name":"(empty-report)","decl":{"start":{"line":1,"column":317},"end":{"line":11,"column":2}},"loc":{"start":{"line":1,"column":317},"end":{"line":11,"column":2}},"line":1}},"f":{"0":0}}
}
